# JRE version: OpenJDK Runtime Environment (17.0.6) (build 17.0.6+0-b2043.56-10027231)
# Java VM: OpenJDK 64-Bit Server VM (17.0.6+0-b2043.56-10027231, mixed mode, tiered, compressed oops, compressed class ptrs, g1 gc, windows-amd64)
GC Precious Log:
 CPUs: 4 total, 4 available
 Memory: 6082M
 Large Page Support: Disabled
 NUMA Support: Disabled
 Compressed Oops: Enabled (32-bit)
 Heap Region Size: 1M
 Heap Min Capacity: 8M
 Heap Initial Capacity: 96M
 Heap Max Capacity: 2G
 Pre-touch: Disabled
 Parallel Workers: 4
 Concurrent Workers: 1
 Concurrent Refinement Workers: 4
 Periodic GC: Disabled
Heap:
 garbage-first heap   total 441344K, used 172418K [0x0000000080000000, 0x0000000100000000)
  region size 1024K, 2 young (2048K), 2 survivors (2048K)
 Metaspace       used 128636K, committed 129536K, reserved 1163264K
  class space    used 17455K, committed 17856K, reserved 1048576K
GC Heap History (20 events):
Event: 22.220 GC heap after
{Heap after GC invocations=41 (full 0):
 garbage-first heap   total 201728K, used 103912K [0x0000000080000000, 0x0000000100000000)
  region size 1024K, 1 young (1024K), 1 survivors (1024K)
 Metaspace       used 92417K, committed 93120K, reserved 1130496K
  class space    used 12559K, committed 12864K, reserved 1048576K
}
Event: 22.934 GC heap before
{Heap before GC invocations=41 (full 0):
 garbage-first heap   total 201728K, used 164328K [0x0000000080000000, 0x0000000100000000)
  region size 1024K, 61 young (62464K), 1 survivors (1024K)
 Metaspace       used 92509K, committed 93184K, reserved 1130496K
  class space    used 12564K, committed 12864K, reserved 1048576K
}
Event: 22.946 GC heap after
{Heap after GC invocations=42 (full 0):
 garbage-first heap   total 440320K, used 106523K [0x0000000080000000, 0x0000000100000000)
  region size 1024K, 4 young (4096K), 4 survivors (4096K)
 Metaspace       used 92509K, committed 93184K, reserved 1130496K
  class space    used 12564K, committed 12864K, reserved 1048576K
}
Event: 99.909 GC heap before
{Heap before GC invocations=43 (full 0):
 garbage-first heap   total 440320K, used 415771K [0x0000000080000000, 0x0000000100000000)
  region size 1024K, 231 young (236544K), 4 survivors (4096K)
 Metaspace       used 102580K, committed 103360K, reserved 1138688K
  class space    used 13809K, committed 14144K, reserved 1048576K
}
Event: 100.571 GC heap after
{Heap after GC invocations=44 (full 0):
 garbage-first heap   total 441344K, used 124729K [0x0000000080000000, 0x0000000100000000)
  region size 1024K, 22 young (22528K), 22 survivors (22528K)
 Metaspace       used 102580K, committed 103360K, reserved 1138688K
  class space    used 13809K, committed 14144K, reserved 1048576K
}
Event: 100.636 GC heap before
{Heap before GC invocations=44 (full 0):
 garbage-first heap   total 441344K, used 125753K [0x0000000080000000, 0x0000000100000000)
  region size 1024K, 23 young (23552K), 22 survivors (22528K)
 Metaspace       used 102709K, committed 103424K, reserved 1138688K
  class space    used 13818K, committed 14144K, reserved 1048576K
}
Event: 100.761 GC heap after
{Heap after GC invocations=45 (full 0):
 garbage-first heap   total 441344K, used 125547K [0x0000000080000000, 0x0000000100000000)
  region size 1024K, 2 young (2048K), 2 survivors (2048K)
 Metaspace       used 102709K, committed 103424K, reserved 1138688K
  class space    used 13818K, committed 14144K, reserved 1048576K
}
Event: 154.429 GC heap before
{Heap before GC invocations=45 (full 0):
 garbage-first heap   total 441344K, used 285291K [0x0000000080000000, 0x0000000100000000)
  region size 1024K, 131 young (134144K), 2 survivors (2048K)
 Metaspace       used 121375K, committed 122240K, reserved 1155072K
  class space    used 16643K, committed 17088K, reserved 1048576K
}
Event: 155.042 GC heap after
{Heap after GC invocations=46 (full 0):
 garbage-first heap   total 441344K, used 131010K [0x0000000080000000, 0x0000000100000000)
  region size 1024K, 7 young (7168K), 7 survivors (7168K)
 Metaspace       used 121375K, committed 122240K, reserved 1155072K
  class space    used 16643K, committed 17088K, reserved 1048576K
}
Event: 767.429 GC heap before
{Heap before GC invocations=46 (full 0):
 garbage-first heap   total 441344K, used 145346K [0x0000000080000000, 0x0000000100000000)
  region size 1024K, 21 young (21504K), 7 survivors (7168K)
 Metaspace       used 121498K, committed 122368K, reserved 1155072K
  class space    used 16648K, committed 17088K, reserved 1048576K
}
Event: 767.693 GC heap after
{Heap after GC invocations=47 (full 0):
 garbage-first heap   total 441344K, used 132077K [0x0000000080000000, 0x0000000100000000)
  region size 1024K, 1 young (1024K), 1 survivors (1024K)
 Metaspace       used 121498K, committed 122368K, reserved 1155072K
  class space    used 16648K, committed 17088K, reserved 1048576K
}
Event: 817.676 GC heap before
{Heap before GC invocations=47 (full 0):
 garbage-first heap   total 441344K, used 192493K [0x0000000080000000, 0x0000000100000000)
  region size 1024K, 61 young (62464K), 1 survivors (1024K)
 Metaspace       used 121824K, committed 122688K, reserved 1155072K
  class space    used 16664K, committed 17088K, reserved 1048576K
}
Event: 817.716 GC heap after
{Heap after GC invocations=48 (full 0):
 garbage-first heap   total 441344K, used 140288K [0x0000000080000000, 0x0000000100000000)
  region size 1024K, 8 young (8192K), 8 survivors (8192K)
 Metaspace       used 121824K, committed 122688K, reserved 1155072K
  class space    used 16664K, committed 17088K, reserved 1048576K
}
Event: 818.239 GC heap before
{Heap before GC invocations=48 (full 0):
 garbage-first heap   total 441344K, used 156672K [0x0000000080000000, 0x0000000100000000)
  region size 1024K, 21 young (21504K), 8 survivors (8192K)
 Metaspace       used 122316K, committed 123200K, reserved 1163264K
  class space    used 16726K, committed 17152K, reserved 1048576K
}
Event: 818.279 GC heap after
{Heap after GC invocations=49 (full 0):
 garbage-first heap   total 441344K, used 145387K [0x0000000080000000, 0x0000000100000000)
  region size 1024K, 2 young (2048K), 2 survivors (2048K)
 Metaspace       used 122316K, committed 123200K, reserved 1163264K
  class space    used 16726K, committed 17152K, reserved 1048576K
}
Event: 819.350 GC heap before
{Heap before GC invocations=49 (full 0):
 garbage-first heap   total 441344K, used 184299K [0x0000000080000000, 0x0000000100000000)
  region size 1024K, 41 young (41984K), 2 survivors (2048K)
 Metaspace       used 124391K, committed 125312K, reserved 1163264K
  class space    used 16982K, committed 17408K, reserved 1048576K
}
Event: 819.422 GC heap after
{Heap after GC invocations=50 (full 0):
 garbage-first heap   total 441344K, used 160068K [0x0000000080000000, 0x0000000100000000)
  region size 1024K, 6 young (6144K), 6 survivors (6144K)
 Metaspace       used 124391K, committed 125312K, reserved 1163264K
  class space    used 16982K, committed 17408K, reserved 1048576K
}
Event: 820.095 GC heap before
{Heap before GC invocations=50 (full 0):
 garbage-first heap   total 441344K, used 176452K [0x0000000080000000, 0x0000000100000000)
  region size 1024K, 22 young (22528K), 6 survivors (6144K)
 Metaspace       used 126522K, committed 127424K, reserved 1163264K
  class space    used 17252K, committed 17664K, reserved 1048576K
}
Event: 820.137 GC heap after
{Heap after GC invocations=51 (full 0):
 garbage-first heap   total 441344K, used 168960K [0x0000000080000000, 0x0000000100000000)
  region size 1024K, 3 young (3072K), 3 survivors (3072K)
 Metaspace       used 126522K, committed 127424K, reserved 1163264K
  class space    used 17252K, committed 17664K, reserved 1048576K
}
Event: 820.782 GC heap before
{Heap before GC invocations=51 (full 0):
 garbage-first heap   total 441344K, used 207872K [0x0000000080000000, 0x0000000100000000)
  region size 1024K, 25 young (25600K), 3 survivors (3072K)
 Metaspace       used 128636K, committed 129536K, reserved 1163264K
  class space    used 17455K, committed 17856K, reserved 1048576K
}

