# JRE version: OpenJDK Runtime Environment (17.0.6) (build 17.0.6+0-b2043.56-10027231)
# Java VM: OpenJDK 64-Bit Server VM (17.0.6+0-b2043.56-10027231, mixed mode, tiered, compressed oops, compressed class ptrs, g1 gc, windows-amd64)
GC Precious Log:
 CPUs: 4 total, 4 available
 Memory: 6082M
 Large Page Support: Disabled
 NUMA Support: Disabled
 Compressed Oops: Enabled (32-bit)
 Heap Region Size: 1M
 Heap Min Capacity: 8M
 Heap Initial Capacity: 96M
 Heap Max Capacity: 2G
 Pre-touch: Disabled
 Parallel Workers: 4
 Concurrent Workers: 1
 Concurrent Refinement Workers: 4
 Periodic GC: Disabled
Heap:
 garbage-first heap   total 366592K, used 165774K [0x0000000080000000, 0x0000000100000000)
  region size 1024K, 5 young (5120K), 5 survivors (5120K)
 Metaspace       used 135603K, committed 136448K, reserved 1171456K
  class space    used 18157K, committed 18560K, reserved 1048576K
GC Heap History (20 events):
Event: 94.733 GC heap after
{Heap after GC invocations=63 (full 0):
 garbage-first heap   total 265216K, used 155658K [0x0000000080000000, 0x0000000100000000)
  region size 1024K, 6 young (6144K), 6 survivors (6144K)
 Metaspace       used 127817K, committed 128704K, reserved 1163264K
  class space    used 17178K, committed 17600K, reserved 1048576K
}
Event: 96.379 GC heap before
{Heap before GC invocations=63 (full 0):
 garbage-first heap   total 265216K, used 215050K [0x0000000080000000, 0x0000000100000000)
  region size 1024K, 64 young (65536K), 6 survivors (6144K)
 Metaspace       used 129758K, committed 130624K, reserved 1163264K
  class space    used 17352K, committed 17728K, reserved 1048576K
}
Event: 96.391 GC heap after
{Heap after GC invocations=64 (full 0):
 garbage-first heap   total 265216K, used 155587K [0x0000000080000000, 0x0000000100000000)
  region size 1024K, 1 young (1024K), 1 survivors (1024K)
 Metaspace       used 129758K, committed 130624K, reserved 1163264K
  class space    used 17352K, committed 17728K, reserved 1048576K
}
Event: 98.004 GC heap before
{Heap before GC invocations=64 (full 0):
 garbage-first heap   total 265216K, used 217027K [0x0000000080000000, 0x0000000100000000)
  region size 1024K, 62 young (63488K), 1 survivors (1024K)
 Metaspace       used 131294K, committed 132160K, reserved 1171456K
  class space    used 17533K, committed 17920K, reserved 1048576K
}
Event: 98.011 GC heap after
{Heap after GC invocations=65 (full 0):
 garbage-first heap   total 265216K, used 158261K [0x0000000080000000, 0x0000000100000000)
  region size 1024K, 4 young (4096K), 4 survivors (4096K)
 Metaspace       used 131294K, committed 132160K, reserved 1171456K
  class space    used 17533K, committed 17920K, reserved 1048576K
}
Event: 99.783 GC heap before
{Heap before GC invocations=66 (full 0):
 garbage-first heap   total 276480K, used 218677K [0x0000000080000000, 0x0000000100000000)
  region size 1024K, 64 young (65536K), 4 survivors (4096K)
 Metaspace       used 131205K, committed 132096K, reserved 1171456K
  class space    used 17523K, committed 17920K, reserved 1048576K
}
Event: 99.790 GC heap after
{Heap after GC invocations=67 (full 0):
 garbage-first heap   total 276480K, used 154468K [0x0000000080000000, 0x0000000100000000)
  region size 1024K, 2 young (2048K), 2 survivors (2048K)
 Metaspace       used 131205K, committed 132096K, reserved 1171456K
  class space    used 17523K, committed 17920K, reserved 1048576K
}
Event: 99.916 GC heap before
{Heap before GC invocations=67 (full 0):
 garbage-first heap   total 276480K, used 165732K [0x0000000080000000, 0x0000000100000000)
  region size 1024K, 13 young (13312K), 2 survivors (2048K)
 Metaspace       used 131313K, committed 132096K, reserved 1171456K
  class space    used 17549K, committed 17920K, reserved 1048576K
}
Event: 99.922 GC heap after
{Heap after GC invocations=68 (full 0):
 garbage-first heap   total 276480K, used 151577K [0x0000000080000000, 0x0000000100000000)
  region size 1024K, 1 young (1024K), 1 survivors (1024K)
 Metaspace       used 131313K, committed 132096K, reserved 1171456K
  class space    used 17549K, committed 17920K, reserved 1048576K
}
Event: 100.803 GC heap before
{Heap before GC invocations=68 (full 0):
 garbage-first heap   total 276480K, used 228377K [0x0000000080000000, 0x0000000100000000)
  region size 1024K, 77 young (78848K), 1 survivors (1024K)
 Metaspace       used 132604K, committed 133440K, reserved 1171456K
  class space    used 17727K, committed 18112K, reserved 1048576K
}
Event: 100.813 GC heap after
{Heap after GC invocations=69 (full 0):
 garbage-first heap   total 366592K, used 155291K [0x0000000080000000, 0x0000000100000000)
  region size 1024K, 5 young (5120K), 5 survivors (5120K)
 Metaspace       used 132604K, committed 133440K, reserved 1171456K
  class space    used 17727K, committed 18112K, reserved 1048576K
}
Event: 103.466 GC heap before
{Heap before GC invocations=69 (full 0):
 garbage-first heap   total 366592K, used 245403K [0x0000000080000000, 0x0000000100000000)
  region size 1024K, 80 young (81920K), 5 survivors (5120K)
 Metaspace       used 135603K, committed 136448K, reserved 1171456K
  class space    used 18157K, committed 18560K, reserved 1048576K
}
Event: 103.545 GC heap after
{Heap after GC invocations=70 (full 0):
 garbage-first heap   total 366592K, used 165545K [0x0000000080000000, 0x0000000100000000)
  region size 1024K, 5 young (5120K), 5 survivors (5120K)
 Metaspace       used 135603K, committed 136448K, reserved 1171456K
  class space    used 18157K, committed 18560K, reserved 1048576K
}
Event: 103.578 GC heap before
{Heap before GC invocations=70 (full 0):
 garbage-first heap   total 366592K, used 173737K [0x0000000080000000, 0x0000000100000000)
  region size 1024K, 6 young (6144K), 5 survivors (5120K)
 Metaspace       used 135603K, committed 136448K, reserved 1171456K
  class space    used 18157K, committed 18560K, reserved 1048576K
}
Event: 103.585 GC heap after
{Heap after GC invocations=71 (full 0):
 garbage-first heap   total 366592K, used 165802K [0x0000000080000000, 0x0000000100000000)
  region size 1024K, 5 young (5120K), 5 survivors (5120K)
 Metaspace       used 135603K, committed 136448K, reserved 1171456K
  class space    used 18157K, committed 18560K, reserved 1048576K
}
Event: 103.593 GC heap before
{Heap before GC invocations=71 (full 0):
 garbage-first heap   total 366592K, used 169898K [0x0000000080000000, 0x0000000100000000)
  region size 1024K, 6 young (6144K), 5 survivors (5120K)
 Metaspace       used 135603K, committed 136448K, reserved 1171456K
  class space    used 18157K, committed 18560K, reserved 1048576K
}
Event: 103.599 GC heap after
{Heap after GC invocations=72 (full 0):
 garbage-first heap   total 366592K, used 165840K [0x0000000080000000, 0x0000000100000000)
  region size 1024K, 5 young (5120K), 5 survivors (5120K)
 Metaspace       used 135603K, committed 136448K, reserved 1171456K
  class space    used 18157K, committed 18560K, reserved 1048576K
}
Event: 103.601 GC heap before
{Heap before GC invocations=72 (full 0):
 garbage-first heap   total 366592K, used 167888K [0x0000000080000000, 0x0000000100000000)
  region size 1024K, 6 young (6144K), 5 survivors (5120K)
 Metaspace       used 135603K, committed 136448K, reserved 1171456K
  class space    used 18157K, committed 18560K, reserved 1048576K
}
Event: 103.608 GC heap after
{Heap after GC invocations=73 (full 0):
 garbage-first heap   total 366592K, used 165548K [0x0000000080000000, 0x0000000100000000)
  region size 1024K, 5 young (5120K), 5 survivors (5120K)
 Metaspace       used 135603K, committed 136448K, reserved 1171456K
  class space    used 18157K, committed 18560K, reserved 1048576K
}
Event: 103.621 GC heap before
{Heap before GC invocations=73 (full 0):
 garbage-first heap   total 366592K, used 167596K [0x0000000080000000, 0x0000000100000000)
  region size 1024K, 6 young (6144K), 5 survivors (5120K)
 Metaspace       used 135603K, committed 136448K, reserved 1171456K
  class space    used 18157K, committed 18560K, reserved 1048576K
}

